0 info it worked if it ends with ok
1 verbose cli [ '/Users/macos/.nvm/versions/node/v6.10.0/bin/node',
1 verbose cli   '/Users/macos/.nvm/versions/node/v6.10.0/bin/npm',
1 verbose cli   'run',
1 verbose cli   'build' ]
2 info using npm@3.10.10
3 info using node@v6.10.0
4 verbose run-script [ 'prebuild', 'build', 'postbuild' ]
5 info lifecycle graphql-demo@1.0.0~prebuild: graphql-demo@1.0.0
6 silly lifecycle graphql-demo@1.0.0~prebuild: no script for prebuild, continuing
7 info lifecycle graphql-demo@1.0.0~build: graphql-demo@1.0.0
8 verbose lifecycle graphql-demo@1.0.0~build: unsafe-perm in lifecycle true
9 verbose lifecycle graphql-demo@1.0.0~build: PATH: /Users/macos/.nvm/versions/node/v6.10.0/lib/node_modules/npm/bin/node-gyp-bin:/Users/macos/Documents/graphql-express-demo/node_modules/.bin:/Users/macos/.nvm/versions/node/v6.10.0/bin:/usr/local/bin:/usr/bin:/bin:/usr/sbin:/sbin:/usr/local/share/dotnet:/Library/Frameworks/Mono.framework/Versions/Current/Commands
10 verbose lifecycle graphql-demo@1.0.0~build: CWD: /Users/macos/Documents/graphql-express-demo
11 silly lifecycle graphql-demo@1.0.0~build: Args: [ '-c', 'babel-watch  server.js' ]
12 silly lifecycle graphql-demo@1.0.0~build: Returned: code: 1  signal: null
13 info lifecycle graphql-demo@1.0.0~build: Failed to exec build script
14 verbose stack Error: graphql-demo@1.0.0 build: `babel-watch  server.js`
14 verbose stack Exit status 1
14 verbose stack     at EventEmitter.<anonymous> (/Users/macos/.nvm/versions/node/v6.10.0/lib/node_modules/npm/lib/utils/lifecycle.js:255:16)
14 verbose stack     at emitTwo (events.js:106:13)
14 verbose stack     at EventEmitter.emit (events.js:191:7)
14 verbose stack     at ChildProcess.<anonymous> (/Users/macos/.nvm/versions/node/v6.10.0/lib/node_modules/npm/lib/utils/spawn.js:40:14)
14 verbose stack     at emitTwo (events.js:106:13)
14 verbose stack     at ChildProcess.emit (events.js:191:7)
14 verbose stack     at maybeClose (internal/child_process.js:877:16)
14 verbose stack     at Process.ChildProcess._handle.onexit (internal/child_process.js:226:5)
15 verbose pkgid graphql-demo@1.0.0
16 verbose cwd /Users/macos/Documents/graphql-express-demo
17 error Darwin 16.7.0
18 error argv "/Users/macos/.nvm/versions/node/v6.10.0/bin/node" "/Users/macos/.nvm/versions/node/v6.10.0/bin/npm" "run" "build"
19 error node v6.10.0
20 error npm  v3.10.10
21 error code ELIFECYCLE
22 error graphql-demo@1.0.0 build: `babel-watch  server.js`
22 error Exit status 1
23 error Failed at the graphql-demo@1.0.0 build script 'babel-watch  server.js'.
23 error Make sure you have the latest version of node.js and npm installed.
23 error If you do, this is most likely a problem with the graphql-demo package,
23 error not with npm itself.
23 error Tell the author that this fails on your system:
23 error     babel-watch  server.js
23 error You can get information on how to open an issue for this project with:
23 error     npm bugs graphql-demo
23 error Or if that isn't available, you can get their info via:
23 error     npm owner ls graphql-demo
23 error There is likely additional logging output above.
24 verbose exit [ 1, true ]
